Using pre-set license
Built from '2022.3/staging' branch; Version is '2022.3.19f1 (244b723c30a6) revision 2378610'; Using compiler version '192829333'; Build Type 'Release'
OS: 'Windows 10  (10.0.19044) 64bit EnterpriseS' Language: 'en' Physical Memory: 32614 MB
BatchMode: 1, IsHumanControllingUs: 0, StartBugReporterOnCrash: 0, Is64bit: 1, IsPro: 1

COMMAND LINE ARGUMENTS:
C:\Program Files\Unity\Hub\Editor\2022.3.19f1\Editor\Unity.exe
-adb2
-batchMode
-noUpm
-name
AssetImportWorker1
-projectPath
C:/Users/BADA/Desktop/VizUS/HoloLens/HoloLens2_Setting
-logFile
Logs/AssetImportWorker1.log
-srvPort
55057
Successfully changed project path to: C:/Users/BADA/Desktop/VizUS/HoloLens/HoloLens2_Setting
C:/Users/BADA/Desktop/VizUS/HoloLens/HoloLens2_Setting
[UnityMemory] Configuration Parameters - Can be set up in boot.config
    "memorysetup-bucket-allocator-granularity=16"
    "memorysetup-bucket-allocator-bucket-count=8"
    "memorysetup-bucket-allocator-block-size=33554432"
    "memorysetup-bucket-allocator-block-count=8"
    "memorysetup-main-allocator-block-size=16777216"
    "memorysetup-thread-allocator-block-size=16777216"
    "memorysetup-gfx-main-allocator-block-size=16777216"
    "memorysetup-gfx-thread-allocator-block-size=16777216"
    "memorysetup-cache-allocator-block-size=4194304"
    "memorysetup-typetree-allocator-block-size=2097152"
    "memorysetup-profiler-bucket-allocator-granularity=16"
    "memorysetup-profiler-bucket-allocator-bucket-count=8"
    "memorysetup-profiler-bucket-allocator-block-size=33554432"
    "memorysetup-profiler-bucket-allocator-block-count=8"
    "memorysetup-profiler-allocator-block-size=16777216"
    "memorysetup-profiler-editor-allocator-block-size=1048576"
    "memorysetup-temp-allocator-size-main=16777216"
    "memorysetup-job-temp-allocator-block-size=2097152"
    "memorysetup-job-temp-allocator-block-size-background=1048576"
    "memorysetup-job-temp-allocator-reduction-small-platforms=262144"
    "memorysetup-allocator-temp-initial-block-size-main=262144"
    "memorysetup-allocator-temp-initial-block-size-worker=262144"
    "memorysetup-temp-allocator-size-background-worker=32768"
    "memorysetup-temp-allocator-size-job-worker=262144"
    "memorysetup-temp-allocator-size-preload-manager=33554432"
    "memorysetup-temp-allocator-size-nav-mesh-worker=65536"
    "memorysetup-temp-allocator-size-audio-worker=65536"
    "memorysetup-temp-allocator-size-cloud-worker=32768"
    "memorysetup-temp-allocator-size-gi-baking-worker=262144"
    "memorysetup-temp-allocator-size-gfx=262144"
Player connection [22624] Host "[IP] 129.123.29.18 [Port] 0 [Flags] 2 [Guid] 3327823181 [EditorId] 3327823181 [Version] 1048832 [Id] WindowsEditor(7,DESKTOP-3IGL56D) [Debug] 1 [PackageName] WindowsEditor [ProjectName] Editor" joined multi-casting on [225.0.0.222:54997]...

Player connection [22624] Host "[IP] 129.123.29.18 [Port] 0 [Flags] 2 [Guid] 3327823181 [EditorId] 3327823181 [Version] 1048832 [Id] WindowsEditor(7,DESKTOP-3IGL56D) [Debug] 1 [PackageName] WindowsEditor [ProjectName] Editor" joined alternative multi-casting on [225.0.0.222:34997]...

[Physics::Module] Initialized MultithreadedJobDispatcher with 11 workers.
Refreshing native plugins compatible for Editor in 39.10 ms, found 17 plugins.
Preloading 0 native plugins for Editor in 0.00 ms.
Initialize engine version: 2022.3.19f1 (244b723c30a6)
[Subsystems] Discovering subsystems at path C:/Program Files/Unity/Hub/Editor/2022.3.19f1/Editor/Data/Resources/UnitySubsystems
[Subsystems] Discovering subsystems at path C:/Users/BADA/Desktop/VizUS/HoloLens/HoloLens2_Setting/Assets
GfxDevice: creating device client; threaded=0; jobified=0
Direct3D:
    Version:  Direct3D 11.0 [level 11.1]
    Renderer: NVIDIA Quadro P1000 (ID=0x1cb1)
    Vendor:   NVIDIA
    VRAM:     4018 MB
    Driver:   31.0.15.3713
Initialize mono
Mono path[0] = 'C:/Program Files/Unity/Hub/Editor/2022.3.19f1/Editor/Data/Managed'
Mono path[1] = 'C:/Program Files/Unity/Hub/Editor/2022.3.19f1/Editor/Data/MonoBleedingEdge/lib/mono/unityjit-win32'
Mono config path = 'C:/Program Files/Unity/Hub/Editor/2022.3.19f1/Editor/Data/MonoBleedingEdge/etc'
Using monoOptions --debugger-agent=transport=dt_socket,embedding=1,server=y,suspend=n,address=127.0.0.1:56480
Begin MonoManager ReloadAssembly
Registering precompiled unity dll's ...
Register platform support module: C:/Program Files/Unity/Hub/Editor/2022.3.19f1/Editor/Data/PlaybackEngines/WebGLSupport/UnityEditor.WebGL.Extensions.dll
Register platform support module: C:/Program Files/Unity/Hub/Editor/2022.3.19f1/Editor/Data/PlaybackEngines/AndroidPlayer/UnityEditor.Android.Extensions.dll
Register platform support module: C:/Program Files/Unity/Hub/Editor/2022.3.19f1/Editor/Data/PlaybackEngines/WindowsStandaloneSupport/UnityEditor.WindowsStandalone.Extensions.dll
Register platform support module: C:/Program Files/Unity/Hub/Editor/2022.3.19f1/Editor/Data/PlaybackEngines/MetroSupport/UnityEditor.UWP.Extensions.dll
Registered in 0.021930 seconds.
- Loaded All Assemblies, in  0.493 seconds
Native extension for UWP target not found
Native extension for WindowsStandalone target not found
Native extension for Android target not found
Android Extension - Scanning For ADB Devices 283 ms
Native extension for WebGL target not found
Mono: successfully reloaded assembly
- Finished resetting the current domain, in  0.751 seconds
Domain Reload Profiling: 1241ms
	BeginReloadAssembly (142ms)
		ExecutionOrderSort (0ms)
		DisableScriptedObjects (0ms)
		BackupInstance (0ms)
		ReleaseScriptingObjects (0ms)
		CreateAndSetChildDomain (1ms)
	RebuildCommonClasses (46ms)
	RebuildNativeTypeToScriptingClass (15ms)
	initialDomainReloadingComplete (90ms)
	LoadAllAssembliesAndSetupDomain (196ms)
		LoadAssemblies (140ms)
		RebuildTransferFunctionScriptingTraits (0ms)
		AnalyzeDomain (193ms)
			TypeCache.Refresh (191ms)
				TypeCache.ScanAssembly (170ms)
			ScanForSourceGeneratedMonoScriptInfo (1ms)
			ResolveRequiredComponents (1ms)
	FinalizeReload (752ms)
		ReleaseScriptCaches (0ms)
		RebuildScriptCaches (0ms)
		SetupLoadedEditorAssemblies (659ms)
			LogAssemblyErrors (0ms)
			InitializePlatformSupportModulesInManaged (438ms)
			SetLoadedEditorAssemblies (4ms)
			RefreshPlugins (0ms)
			BeforeProcessingInitializeOnLoad (2ms)
			ProcessInitializeOnLoadAttributes (153ms)
			ProcessInitializeOnLoadMethodAttributes (62ms)
			AfterProcessingInitializeOnLoad (0ms)
			EditorAssembliesLoaded (0ms)
		ExecutionOrderSort2 (0ms)
		AwakeInstancesAfterBackupRestoration (0ms)
========================================================================
Worker process is ready to serve import requests
Begin MonoManager ReloadAssembly
- Loaded All Assemblies, in  0.994 seconds
Refreshing native plugins compatible for Editor in 26.84 ms, found 17 plugins.
Native extension for UWP target not found
Native extension for WindowsStandalone target not found
Native extension for Android target not found
Native extension for WebGL target not found
Package Manager log level set to [2]
[Package Manager] Server::EnsureServerProcessIsRunning -- launch failed, reason: Unity was launched with the -noUpm command-line argument
[Package Manager] UpmClient::Send -- Unable to send message (not connected to UPM process).
[Package Manager] Cannot connect to Unity Package Manager local server
[Package Manager] Server::EnsureServerProcessIsRunning -- launch failed, reason: Unity was launched with the -noUpm command-line argument
[Package Manager] UpmClient::Send -- Unable to send message (not connected to UPM process).
[Package Manager] Cannot connect to Unity Package Manager local server
Mono: successfully reloaded assembly
[Package Manager] Server::EnsureServerProcessIsRunning -- launch failed, reason: Unity was launched with the -noUpm command-line argument
[Package Manager] UpmClient::Send -- Unable to send message (not connected to UPM process).
[Package Manager] Cannot connect to Unity Package Manager local server
[Package Manager] Server::EnsureServerProcessIsRunning -- launch failed, reason: Unity was launched with the -noUpm command-line argument
[Package Manager] UpmClient::Send -- Unable to send message (not connected to UPM process).
[Package Manager] Cannot connect to Unity Package Manager local server
- Finished resetting the current domain, in  0.945 seconds
Domain Reload Profiling: 1930ms
	BeginReloadAssembly (237ms)
		ExecutionOrderSort (0ms)
		DisableScriptedObjects (8ms)
		BackupInstance (0ms)
		ReleaseScriptingObjects (0ms)
		CreateAndSetChildDomain (31ms)
	RebuildCommonClasses (50ms)
	RebuildNativeTypeToScriptingClass (16ms)
	initialDomainReloadingComplete (53ms)
	LoadAllAssembliesAndSetupDomain (628ms)
		LoadAssemblies (445ms)
		RebuildTransferFunctionScriptingTraits (0ms)
		AnalyzeDomain (301ms)
			TypeCache.Refresh (250ms)
				TypeCache.ScanAssembly (229ms)
			ScanForSourceGeneratedMonoScriptInfo (35ms)
			ResolveRequiredComponents (15ms)
	FinalizeReload (945ms)
		ReleaseScriptCaches (0ms)
		RebuildScriptCaches (0ms)
		SetupLoadedEditorAssemblies (685ms)
			LogAssemblyErrors (0ms)
			InitializePlatformSupportModulesInManaged (33ms)
			SetLoadedEditorAssemblies (6ms)
			RefreshPlugins (0ms)
			BeforeProcessingInitializeOnLoad (125ms)
			ProcessInitializeOnLoadAttributes (417ms)
			ProcessInitializeOnLoadMethodAttributes (91ms)
			AfterProcessingInitializeOnLoad (12ms)
			EditorAssembliesLoaded (0ms)
		ExecutionOrderSort2 (0ms)
		AwakeInstancesAfterBackupRestoration (8ms)
Launched and connected shader compiler UnityShaderCompiler.exe after 0.05 seconds
Refreshing native plugins compatible for Editor in 26.37 ms, found 17 plugins.
Preloading 0 native plugins for Editor in 0.00 ms.
Unloading 5605 Unused Serialized files (Serialized files now loaded: 0)
Unloading 108 unused Assets / (1.2 MB). Loaded Objects now: 6088.
Memory consumption went from 201.3 MB to 200.1 MB.
Total: 4.969900 ms (FindLiveObjects: 0.496500 ms CreateObjectMapping: 0.439200 ms MarkObjects: 3.411000 ms  DeleteObjects: 0.622100 ms)

AssetImportParameters requested are different than current active one (requested -> active):
  colorSpace: 1 -> 0
  custom:container-demuxer-ogg: 62fdf1f143b41e24485cea50d1cbac27 -> 
  custom:video-decoder-ogg-theora: a1e56fd34408186e4bbccfd4996cb3dc -> 
  custom:framework-win-MediaFoundation: 216162199b28c13a410421893ffa2e32 -> 
  custom:CustomObjectIndexerAttribute: 6d391050e5a25f67b0a2c618074f2cd9 -> 
  custom:container-demuxer-webm: 4f35f7cbe854078d1ac9338744f61a02 -> 
  custom:container-muxer-webm: aa71ff27fc2769a1b78a27578f13a17b -> 
  custom:video-decoder-webm-vp8: 9c59270c3fd7afecdb556c50c9e8de78 -> 
  custom:SearchIndexIgnoredProperties: e643bd26f0fe6173181afceb89e7c659 -> 
  custom:AudioImporter_EditorPlatform: d09bf68614088b80899f8185d706f6e7 -> 
  custom:video-encoder-webm-vp8: eb34c28f22e8b96e1ab97ce403110664 -> 
  custom:graphics/active-color-space: 03000000000000000000000000000000 -> 02000000000000000000000000000000
  custom:audio-decoder-ogg-vorbis: bf7c407c2cedff20999df2af8eb42d56 -> 
  custom:audio-encoder-webm-vorbis: bf7c407c2cedff20999df2af8eb42d56 -> 
========================================================================
Received Import Request.
  Time since last request: 489344.192022 seconds.
  path: Packages/org.mixedrealitytoolkit.input/Assets
  artifactKey: Guid(7537c18e158ea464aa1bd37339fad8df) Importer(815301076,1909f56bfc062723c751e8b465ee728b)
Start importing Packages/org.mixedrealitytoolkit.input/Assets using Guid(7537c18e158ea464aa1bd37339fad8df) Importer(815301076,1909f56bfc062723c751e8b465ee728b)  -> (artifact id: '3f425d8e4070509b3325d108e77561f2') in 0.002465 seconds
Number of updated asset objects reloaded before import = 0
Number of asset objects unloaded after import = 0
========================================================================
Received Import Request.
  Time since last request: 0.000021 seconds.
  path: Packages/org.mixedrealitytoolkit.standardassets/package.json
  artifactKey: Guid(df80b7dfb81b9364b92a76071349fcff) Importer(815301076,1909f56bfc062723c751e8b465ee728b)
Start importing Packages/org.mixedrealitytoolkit.standardassets/package.json using Guid(df80b7dfb81b9364b92a76071349fcff) Importer(815301076,1909f56bfc062723c751e8b465ee728b)  -> (artifact id: '8a2fb86f2f754a9de5ce0112474ff4a9') in 0.014469 seconds
Number of updated asset objects reloaded before import = 0
Number of asset objects unloaded after import = 1
========================================================================
Received Import Request.
  Time since last request: 0.905378 seconds.
  path: Packages/org.mixedrealitytoolkit.input/Assets/Prefabs/MRTK Interaction Manager.prefab
  artifactKey: Guid(2d7353d30f9fe7e41bf30032876961a9) Importer(815301076,1909f56bfc062723c751e8b465ee728b)
Start importing Packages/org.mixedrealitytoolkit.input/Assets/Prefabs/MRTK Interaction Manager.prefab using Guid(2d7353d30f9fe7e41bf30032876961a9) Importer(815301076,1909f56bfc062723c751e8b465ee728b)  -> (artifact id: '4b9fee24b1145d9f201e26f98627a3cb') in 0.042618 seconds
Number of updated asset objects reloaded before import = 0
Number of asset objects unloaded after import = 7
========================================================================
Received Import Request.
  Time since last request: 0.000013 seconds.
  path: Packages/org.mixedrealitytoolkit.input/Assets/Prefabs/MRTK XR Rig.prefab
  artifactKey: Guid(4d7e2f87fefe0ba468719b15288b46e7) Importer(815301076,1909f56bfc062723c751e8b465ee728b)
Start importing Packages/org.mixedrealitytoolkit.input/Assets/Prefabs/MRTK XR Rig.prefab using Guid(4d7e2f87fefe0ba468719b15288b46e7) Importer(815301076,1909f56bfc062723c751e8b465ee728b)  -> (artifact id: 'c62d04ac88cedd17a50c8397e41a69d1') in 0.234657 seconds
Number of updated asset objects reloaded before import = 0
Number of asset objects unloaded after import = 721
========================================================================
Received Import Request.
  Time since last request: 0.000022 seconds.
  path: Packages/org.mixedrealitytoolkit.input/Assets/Prefabs/Obsolete MRTK Hand Controller.prefab
  artifactKey: Guid(a9ae130324a36134e99beedf50e7be6f) Importer(815301076,1909f56bfc062723c751e8b465ee728b)
Start importing Packages/org.mixedrealitytoolkit.input/Assets/Prefabs/Obsolete MRTK Hand Controller.prefab using Guid(a9ae130324a36134e99beedf50e7be6f) Importer(815301076,1909f56bfc062723c751e8b465ee728b)  -> (artifact id: '17c8c23aa1c3f2ddc032f873214a195e') in 0.013685 seconds
Number of updated asset objects reloaded before import = 0
Number of asset objects unloaded after import = 97
========================================================================
Received Import Request.
  Time since last request: 71.230524 seconds.
  path: Packages/org.mixedrealitytoolkit.standardassets/Materials/BackPlate_Holographic_White_128x32.mat
  artifactKey: Guid(80c69cf024935814285f3245470392ac) Importer(815301076,1909f56bfc062723c751e8b465ee728b)
Start importing Packages/org.mixedrealitytoolkit.standardassets/Materials/BackPlate_Holographic_White_128x32.mat using Guid(80c69cf024935814285f3245470392ac) Importer(815301076,1909f56bfc062723c751e8b465ee728b)  -> (artifact id: 'fadde76b8f5f3e1fe339e5dc6c70d50e') in 0.151239 seconds
Number of updated asset objects reloaded before import = 0
Number of asset objects unloaded after import = 1
========================================================================
Received Import Request.
  Time since last request: 0.000021 seconds.
  path: Packages/org.mixedrealitytoolkit.standardassets/Materials/BackPlate_Holographic_White_192x126.mat
  artifactKey: Guid(9bc0e14e549995144b112f3a5e4d621e) Importer(815301076,1909f56bfc062723c751e8b465ee728b)
Start importing Packages/org.mixedrealitytoolkit.standardassets/Materials/BackPlate_Holographic_White_192x126.mat using Guid(9bc0e14e549995144b112f3a5e4d621e) Importer(815301076,1909f56bfc062723c751e8b465ee728b)  -> (artifact id: '8bb8a24cd71cba469b1d67ba846f2ace') in 0.012816 seconds
Number of updated asset objects reloaded before import = 0
Number of asset objects unloaded after import = 1
========================================================================
Received Import Request.
  Time since last request: 0.000016 seconds.
  path: Packages/org.mixedrealitytoolkit.standardassets/Materials/BackPlate_Holographic_White_158x30.mat
  artifactKey: Guid(2113818cdd7300642937c2c648eb7264) Importer(815301076,1909f56bfc062723c751e8b465ee728b)
Start importing Packages/org.mixedrealitytoolkit.standardassets/Materials/BackPlate_Holographic_White_158x30.mat using Guid(2113818cdd7300642937c2c648eb7264) Importer(815301076,1909f56bfc062723c751e8b465ee728b)  -> (artifact id: '24d262b95c5b718c02bc21f0364edf23') in 0.007943 seconds
Number of updated asset objects reloaded before import = 0
Number of asset objects unloaded after import = 1
========================================================================
Received Import Request.
  Time since last request: 0.866180 seconds.
  path: Packages/org.mixedrealitytoolkit.standardassets/Materials/ManipulationHandle_Proximity 1.mat
  artifactKey: Guid(f71187955b07ac946a4d89b93d25a0c0) Importer(815301076,1909f56bfc062723c751e8b465ee728b)
Start importing Packages/org.mixedrealitytoolkit.standardassets/Materials/ManipulationHandle_Proximity 1.mat using Guid(f71187955b07ac946a4d89b93d25a0c0) Importer(815301076,1909f56bfc062723c751e8b465ee728b)  -> (artifact id: '23142b639208c43b56cf509107082e05') in 0.074340 seconds
Number of updated asset objects reloaded before import = 0
Number of asset objects unloaded after import = 1
========================================================================
Received Import Request.
  Time since last request: 0.210160 seconds.
  path: Packages/org.mixedrealitytoolkit.standardassets/Materials/MRTK_Stageplate_1cm.mat
  artifactKey: Guid(fa21a874e3f75f84f8a7d806d8809ca0) Importer(815301076,1909f56bfc062723c751e8b465ee728b)
Start importing Packages/org.mixedrealitytoolkit.standardassets/Materials/MRTK_Stageplate_1cm.mat using Guid(fa21a874e3f75f84f8a7d806d8809ca0) Importer(815301076,1909f56bfc062723c751e8b465ee728b)  -> (artifact id: 'e8b81ad5d9acda778dce600f4cead929') in 0.140728 seconds
Number of updated asset objects reloaded before import = 0
Number of asset objects unloaded after import = 2
========================================================================
Received Import Request.
  Time since last request: 0.069213 seconds.
  path: Packages/org.mixedrealitytoolkit.standardassets/Materials/MRTK_Standard_Black_Unlit.mat
  artifactKey: Guid(3940a7658692e0047aac8452e250f1d7) Importer(815301076,1909f56bfc062723c751e8b465ee728b)
Start importing Packages/org.mixedrealitytoolkit.standardassets/Materials/MRTK_Standard_Black_Unlit.mat using Guid(3940a7658692e0047aac8452e250f1d7) Importer(815301076,1909f56bfc062723c751e8b465ee728b)  -> (artifact id: '78150a7531aa1299b1071a6b252a6393') in 0.058570 seconds
Number of updated asset objects reloaded before import = 0
Number of asset objects unloaded after import = 1
========================================================================
Received Import Request.
  Time since last request: 0.000018 seconds.
  path: Packages/org.mixedrealitytoolkit.standardassets/Materials/MRTK_Standard_Charcoal.mat
  artifactKey: Guid(987f7ade5b34fb74dbefd305bbbf85cf) Importer(815301076,1909f56bfc062723c751e8b465ee728b)
Start importing Packages/org.mixedrealitytoolkit.standardassets/Materials/MRTK_Standard_Charcoal.mat using Guid(987f7ade5b34fb74dbefd305bbbf85cf) Importer(815301076,1909f56bfc062723c751e8b465ee728b)  -> (artifact id: 'e332d2f1c95a83e5f611baeceaaf56b2') in 0.063923 seconds
Number of updated asset objects reloaded before import = 0
Number of asset objects unloaded after import = 1
========================================================================
Received Import Request.
  Time since last request: 0.165166 seconds.
  path: Packages/org.mixedrealitytoolkit.standardassets/Materials/MRTK_Standard_DarkBrown.mat
  artifactKey: Guid(87eb1fa889de57f49b16aff6b1741d5e) Importer(815301076,1909f56bfc062723c751e8b465ee728b)
Start importing Packages/org.mixedrealitytoolkit.standardassets/Materials/MRTK_Standard_DarkBrown.mat using Guid(87eb1fa889de57f49b16aff6b1741d5e) Importer(815301076,1909f56bfc062723c751e8b465ee728b)  -> (artifact id: '5760e8a3fc2e53f5badefd70b3a70130') in 0.013087 seconds
Number of updated asset objects reloaded before import = 0
Number of asset objects unloaded after import = 1
========================================================================
Received Import Request.
  Time since last request: 0.017994 seconds.
  path: Packages/org.mixedrealitytoolkit.standardassets/Materials/MRTK_Standard_DarkGray.mat
  artifactKey: Guid(4b78d3a2e1ab7c0499ce81ca8d18e7b5) Importer(815301076,1909f56bfc062723c751e8b465ee728b)
Start importing Packages/org.mixedrealitytoolkit.standardassets/Materials/MRTK_Standard_DarkGray.mat using Guid(4b78d3a2e1ab7c0499ce81ca8d18e7b5) Importer(815301076,1909f56bfc062723c751e8b465ee728b)  -> (artifact id: '372f4c2e5d6141fac48c617841d4531e') in 0.123929 seconds
Number of updated asset objects reloaded before import = 0
Number of asset objects unloaded after import = 1
========================================================================
Received Import Request.
  Time since last request: 0.123627 seconds.
  path: Packages/org.mixedrealitytoolkit.standardassets/Materials/MRTK_Standard_Green.mat
  artifactKey: Guid(0bd06e950ac4aa341bf4abc3c456b841) Importer(815301076,1909f56bfc062723c751e8b465ee728b)
Start importing Packages/org.mixedrealitytoolkit.standardassets/Materials/MRTK_Standard_Green.mat using Guid(0bd06e950ac4aa341bf4abc3c456b841) Importer(815301076,1909f56bfc062723c751e8b465ee728b)  -> (artifact id: '4f4ac575f6a2acf2b179f44db1306527') in 0.013923 seconds
Number of updated asset objects reloaded before import = 0
Number of asset objects unloaded after import = 1
========================================================================
Received Import Request.
  Time since last request: 0.252652 seconds.
  path: Packages/org.mixedrealitytoolkit.standardassets/Materials/MRTK_Standard_Pink.mat
  artifactKey: Guid(14ec1faa895414743b19ed4d59bb6fb0) Importer(815301076,1909f56bfc062723c751e8b465ee728b)
Start importing Packages/org.mixedrealitytoolkit.standardassets/Materials/MRTK_Standard_Pink.mat using Guid(14ec1faa895414743b19ed4d59bb6fb0) Importer(815301076,1909f56bfc062723c751e8b465ee728b)  -> (artifact id: '37c9c58dbce77b89a72419f7719a6e7f') in 0.011954 seconds
Number of updated asset objects reloaded before import = 0
Number of asset objects unloaded after import = 1
========================================================================
Received Import Request.
  Time since last request: 0.266625 seconds.
  path: Packages/org.mixedrealitytoolkit.standardassets/Materials/MRTK_Standard_Sprite.mat
  artifactKey: Guid(2157a29b6ece02542b46ddae766e70e8) Importer(815301076,1909f56bfc062723c751e8b465ee728b)
Start importing Packages/org.mixedrealitytoolkit.standardassets/Materials/MRTK_Standard_Sprite.mat using Guid(2157a29b6ece02542b46ddae766e70e8) Importer(815301076,1909f56bfc062723c751e8b465ee728b)  -> (artifact id: '47927af8042a8cfa39e0985b90d136e0') in 0.086886 seconds
Number of updated asset objects reloaded before import = 0
Number of asset objects unloaded after import = 1
========================================================================
Received Import Request.
  Time since last request: 0.155367 seconds.
  path: Packages/org.mixedrealitytoolkit.standardassets/Materials/MRTK_Standard_TransparentCharcoal.mat
  artifactKey: Guid(a2b79cfb132e1124a9b6d8fc05d52077) Importer(815301076,1909f56bfc062723c751e8b465ee728b)
Start importing Packages/org.mixedrealitytoolkit.standardassets/Materials/MRTK_Standard_TransparentCharcoal.mat using Guid(a2b79cfb132e1124a9b6d8fc05d52077) Importer(815301076,1909f56bfc062723c751e8b465ee728b)  -> (artifact id: 'effc82cfe4548170bf987fe8e063a204') in 0.065143 seconds
Number of updated asset objects reloaded before import = 0
Number of asset objects unloaded after import = 1
========================================================================
Received Import Request.
  Time since last request: 0.000017 seconds.
  path: Packages/org.mixedrealitytoolkit.standardassets/Materials/MRTK_Standard_TransparentDarkGray.mat
  artifactKey: Guid(1c84c4e1b45789544aa55a8e076fac67) Importer(815301076,1909f56bfc062723c751e8b465ee728b)
Start importing Packages/org.mixedrealitytoolkit.standardassets/Materials/MRTK_Standard_TransparentDarkGray.mat using Guid(1c84c4e1b45789544aa55a8e076fac67) Importer(815301076,1909f56bfc062723c751e8b465ee728b)  -> (artifact id: 'cc9c274c3cfacfa5db7a567b54306b09') in 0.115367 seconds
Number of updated asset objects reloaded before import = 0
Number of asset objects unloaded after import = 1
========================================================================
Received Import Request.
  Time since last request: 0.103858 seconds.
  path: Packages/org.mixedrealitytoolkit.standardassets/Materials/MRTK_Standard_TransparentGray.mat
  artifactKey: Guid(2ed2a08f656c2e740b3e821aed9cc815) Importer(815301076,1909f56bfc062723c751e8b465ee728b)
Start importing Packages/org.mixedrealitytoolkit.standardassets/Materials/MRTK_Standard_TransparentGray.mat using Guid(2ed2a08f656c2e740b3e821aed9cc815) Importer(815301076,1909f56bfc062723c751e8b465ee728b)  -> (artifact id: '5d026c0edc1ccf4d00b4d8b63db5a5d6') in 0.012701 seconds
Number of updated asset objects reloaded before import = 0
Number of asset objects unloaded after import = 1
========================================================================
Received Import Request.
  Time since last request: 0.268591 seconds.
  path: Packages/org.mixedrealitytoolkit.standardassets/Materials/MRTK_Standard_TransparentMagenta.mat
  artifactKey: Guid(9a4fdf6e12df92f438b4f90e7bc9fce1) Importer(815301076,1909f56bfc062723c751e8b465ee728b)
Start importing Packages/org.mixedrealitytoolkit.standardassets/Materials/MRTK_Standard_TransparentMagenta.mat using Guid(9a4fdf6e12df92f438b4f90e7bc9fce1) Importer(815301076,1909f56bfc062723c751e8b465ee728b)  -> (artifact id: 'a96d1f1ab46363c20cef8eef7bfb6272') in 0.012868 seconds
Number of updated asset objects reloaded before import = 0
Number of asset objects unloaded after import = 1
========================================================================
Received Import Request.
  Time since last request: 0.248022 seconds.
  path: Packages/org.mixedrealitytoolkit.standardassets/Materials/MRTK_Standard_TransparentPurple.mat
  artifactKey: Guid(9d79610ad86e34444a4c7eeb820f7df7) Importer(815301076,1909f56bfc062723c751e8b465ee728b)
Start importing Packages/org.mixedrealitytoolkit.standardassets/Materials/MRTK_Standard_TransparentPurple.mat using Guid(9d79610ad86e34444a4c7eeb820f7df7) Importer(815301076,1909f56bfc062723c751e8b465ee728b)  -> (artifact id: 'd1d6bd43b085a7f38e2689d6f8fdc194') in 0.013702 seconds
Number of updated asset objects reloaded before import = 0
Number of asset objects unloaded after import = 1
========================================================================
Received Import Request.
  Time since last request: 0.784348 seconds.
  path: Packages/org.mixedrealitytoolkit.standardassets/Materials/TickMarks_SolidBlue_0380FD.mat
  artifactKey: Guid(0ccd3d83e321a1a4b92c246b005ee33b) Importer(815301076,1909f56bfc062723c751e8b465ee728b)
Start importing Packages/org.mixedrealitytoolkit.standardassets/Materials/TickMarks_SolidBlue_0380FD.mat using Guid(0ccd3d83e321a1a4b92c246b005ee33b) Importer(815301076,1909f56bfc062723c751e8b465ee728b)  -> (artifact id: 'b951e6969a05ddace3a8d210e1ce3df1') in 0.066981 seconds
Number of updated asset objects reloaded before import = 0
Number of asset objects unloaded after import = 1
========================================================================
Received Import Request.
  Time since last request: 0.301982 seconds.
  path: Packages/org.mixedrealitytoolkit.standardassets/Materials/ToggleVisuals_ToggleDot.mat
  artifactKey: Guid(a5e18561b49fc5148824ed7c16d531f5) Importer(815301076,1909f56bfc062723c751e8b465ee728b)
Start importing Packages/org.mixedrealitytoolkit.standardassets/Materials/ToggleVisuals_ToggleDot.mat using Guid(a5e18561b49fc5148824ed7c16d531f5) Importer(815301076,1909f56bfc062723c751e8b465ee728b)  -> (artifact id: '1795a4418ca3f501d508f07adf5ee552') in 0.099986 seconds
Number of updated asset objects reloaded before import = 0
Number of asset objects unloaded after import = 2
========================================================================
Received Prepare
Begin MonoManager ReloadAssembly
- Loaded All Assemblies, in  0.597 seconds
Refreshing native plugins compatible for Editor in 22.38 ms, found 17 plugins.
Native extension for UWP target not found
Native extension for WindowsStandalone target not found
Native extension for Android target not found
Native extension for WebGL target not found
[Package Manager] Server::EnsureServerProcessIsRunning -- launch failed, reason: Unity was launched with the -noUpm command-line argument
[Package Manager] UpmClient::Send -- Unable to send message (not connected to UPM process).
[Package Manager] Cannot connect to Unity Package Manager local server
[Package Manager] Server::EnsureServerProcessIsRunning -- launch failed, reason: Unity was launched with the -noUpm command-line argument
[Package Manager] UpmClient::Send -- Unable to send message (not connected to UPM process).
[Package Manager] Cannot connect to Unity Package Manager local server
Mono: successfully reloaded assembly
[Package Manager] Server::EnsureServerProcessIsRunning -- launch failed, reason: Unity was launched with the -noUpm command-line argument
[Package Manager] UpmClient::Send -- Unable to send message (not connected to UPM process).
[Package Manager] Cannot connect to Unity Package Manager local server
- Finished resetting the current domain, in  1.356 seconds
Domain Reload Profiling: 1943ms
	BeginReloadAssembly (194ms)
		ExecutionOrderSort (0ms)
		DisableScriptedObjects (4ms)
		BackupInstance (0ms)
		ReleaseScriptingObjects (0ms)
		CreateAndSetChildDomain (48ms)
	RebuildCommonClasses (32ms)
	RebuildNativeTypeToScriptingClass (12ms)
	initialDomainReloadingComplete (33ms)
	LoadAllAssembliesAndSetupDomain (316ms)
		LoadAssemblies (393ms)
		RebuildTransferFunctionScriptingTraits (0ms)
		AnalyzeDomain (23ms)
			TypeCache.Refresh (7ms)
				TypeCache.ScanAssembly (0ms)
			ScanForSourceGeneratedMonoScriptInfo (0ms)
			ResolveRequiredComponents (15ms)
	FinalizeReload (1356ms)
		ReleaseScriptCaches (0ms)
		RebuildScriptCaches (0ms)
		SetupLoadedEditorAssemblies (646ms)
			LogAssemblyErrors (0ms)
			InitializePlatformSupportModulesInManaged (30ms)
			SetLoadedEditorAssemblies (5ms)
			RefreshPlugins (0ms)
			BeforeProcessingInitializeOnLoad (130ms)
			ProcessInitializeOnLoadAttributes (390ms)
			ProcessInitializeOnLoadMethodAttributes (75ms)
			AfterProcessingInitializeOnLoad (14ms)
			EditorAssembliesLoaded (1ms)
		ExecutionOrderSort2 (0ms)
		AwakeInstancesAfterBackupRestoration (14ms)
Refreshing native plugins compatible for Editor in 30.97 ms, found 17 plugins.
Preloading 0 native plugins for Editor in 0.00 ms.
Unloading 5535 Unused Serialized files (Serialized files now loaded: 0)
Unloading 79 unused Assets / (1.2 MB). Loaded Objects now: 6132.
Memory consumption went from 191.1 MB to 189.9 MB.
Total: 6.533600 ms (FindLiveObjects: 0.700900 ms CreateObjectMapping: 0.746000 ms MarkObjects: 4.035400 ms  DeleteObjects: 1.050200 ms)

Prepare: number of updated asset objects reloaded= 71
AssetImportParameters requested are different than current active one (requested -> active):
  custom:container-demuxer-ogg: 62fdf1f143b41e24485cea50d1cbac27 -> 
  custom:video-decoder-ogg-theora: a1e56fd34408186e4bbccfd4996cb3dc -> 
  custom:framework-win-MediaFoundation: 216162199b28c13a410421893ffa2e32 -> 
  custom:CustomObjectIndexerAttribute: 6d391050e5a25f67b0a2c618074f2cd9 -> 
  custom:container-demuxer-webm: 4f35f7cbe854078d1ac9338744f61a02 -> 
  custom:container-muxer-webm: aa71ff27fc2769a1b78a27578f13a17b -> 
  custom:video-decoder-webm-vp8: 9c59270c3fd7afecdb556c50c9e8de78 -> 
  custom:SearchIndexIgnoredProperties: e643bd26f0fe6173181afceb89e7c659 -> 
  custom:AudioImporter_EditorPlatform: d09bf68614088b80899f8185d706f6e7 -> 
  custom:video-encoder-webm-vp8: eb34c28f22e8b96e1ab97ce403110664 -> 
  custom:audio-decoder-ogg-vorbis: bf7c407c2cedff20999df2af8eb42d56 -> 
  custom:audio-encoder-webm-vorbis: bf7c407c2cedff20999df2af8eb42d56 -> 
========================================================================
Received Prepare
Refreshing native plugins compatible for Editor in 23.84 ms, found 17 plugins.
Preloading 0 native plugins for Editor in 0.00 ms.
Unloading 11 Unused Serialized files (Serialized files now loaded: 0)
Unloading 11 unused Assets / (1.2 MB). Loaded Objects now: 6133.
Memory consumption went from 106.0 MB to 104.8 MB.
Total: 6.393700 ms (FindLiveObjects: 0.411600 ms CreateObjectMapping: 0.372100 ms MarkObjects: 5.014700 ms  DeleteObjects: 0.594600 ms)

Prepare: number of updated asset objects reloaded= 4
AssetImportParameters requested are different than current active one (requested -> active):
  custom:container-demuxer-ogg: 62fdf1f143b41e24485cea50d1cbac27 -> 
  custom:video-decoder-ogg-theora: a1e56fd34408186e4bbccfd4996cb3dc -> 
  custom:framework-win-MediaFoundation: 216162199b28c13a410421893ffa2e32 -> 
  custom:CustomObjectIndexerAttribute: 6d391050e5a25f67b0a2c618074f2cd9 -> 
  custom:container-demuxer-webm: 4f35f7cbe854078d1ac9338744f61a02 -> 
  custom:container-muxer-webm: aa71ff27fc2769a1b78a27578f13a17b -> 
  custom:video-decoder-webm-vp8: 9c59270c3fd7afecdb556c50c9e8de78 -> 
  custom:SearchIndexIgnoredProperties: e643bd26f0fe6173181afceb89e7c659 -> 
  custom:AudioImporter_EditorPlatform: d09bf68614088b80899f8185d706f6e7 -> 
  custom:video-encoder-webm-vp8: eb34c28f22e8b96e1ab97ce403110664 -> 
  custom:audio-decoder-ogg-vorbis: bf7c407c2cedff20999df2af8eb42d56 -> 
  custom:audio-encoder-webm-vorbis: bf7c407c2cedff20999df2af8eb42d56 -> 
